2021-10-18 10:19:27,448 INFO com.nishant.demo1.controllers.MainController [http-nio-8080-exec-6] Login Page Accessed
2021-10-18 10:19:29,058 INFO com.nishant.demo1.controllers.MainController [http-nio-8080-exec-9] Login Page Accessed
2021-10-18 10:19:29,601 INFO com.nishant.demo1.controllers.MainController [http-nio-8080-exec-2] Login Page Accessed
2021-10-18 10:19:35,577 INFO com.nishant.demo1.SecurityConfiguration.MyConfig [http-nio-8080-exec-4] The user nishant25 has logged in successfully
2021-10-18 10:19:35,607 INFO com.nishant.demo1.controllers.ProfileController [http-nio-8080-exec-6] Homepage accessed by user : nishant25
2021-10-18 10:19:37,129 INFO com.nishant.demo1.controllers.ProfileController [http-nio-8080-exec-8] Add Form accessed by user : nishant25
2021-10-18 10:19:39,221 INFO com.nishant.demo1.controllers.ProfileController [http-nio-8080-exec-10] Homepage accessed by user : nishant25
2021-10-18 10:19:40,928 INFO com.nishant.demo1.controllers.ProfileController [http-nio-8080-exec-2] Update Form Accessed by user : nishant25
2021-10-18 10:19:42,378 INFO com.nishant.demo1.controllers.ProfileController [http-nio-8080-exec-4] Homepage accessed by user : nishant25
2021-10-19 15:30:13,043 INFO com.nishant.demo1.Demo1Application [restartedMain] Starting Demo1Application using Java 17 on akku with PID 283245 (/home/akku/Documents/Java/WUDemos/Demo2/Backend/target/classes started by akku in /home/akku/Documents/Java/WUDemos/Demo2/Backend)
2021-10-19 15:30:13,052 INFO com.nishant.demo1.Demo1Application [restartedMain] No active profile set, falling back to default profiles: default
2021-10-19 15:30:13,661 INFO com.nishant.demo1.Demo1Application [restartedMain] Started Demo1Application in 0.726 seconds (JVM running for 86171.471)
2021-10-19 15:30:24,284 INFO com.nishant.demo1.Demo1Application [restartedMain] Starting Demo1Application using Java 17 on akku with PID 283245 (/home/akku/Documents/Java/WUDemos/Demo2/Backend/target/classes started by akku in /home/akku/Documents/Java/WUDemos/Demo2/Backend)
2021-10-19 15:30:24,284 INFO com.nishant.demo1.Demo1Application [restartedMain] No active profile set, falling back to default profiles: default
2021-10-19 15:30:24,583 INFO com.nishant.demo1.Demo1Application [restartedMain] Started Demo1Application in 0.312 seconds (JVM running for 86182.392)
2021-10-19 15:32:11,458 INFO com.nishant.demo1.Demo1Application [restartedMain] Starting Demo1Application using Java 17 on akku with PID 283245 (/home/akku/Documents/Java/WUDemos/Demo2/Backend/target/classes started by akku in /home/akku/Documents/Java/WUDemos/Demo2/Backend)
2021-10-19 15:32:11,458 INFO com.nishant.demo1.Demo1Application [restartedMain] No active profile set, falling back to default profiles: default
2021-10-19 15:32:11,813 INFO com.nishant.demo1.Demo1Application [restartedMain] Started Demo1Application in 0.375 seconds (JVM running for 86289.623)
2021-10-19 15:32:21,425 INFO com.nishant.demo1.Demo1Application [restartedMain] Starting Demo1Application using Java 17 on akku with PID 283245 (/home/akku/Documents/Java/WUDemos/Demo2/Backend/target/classes started by akku in /home/akku/Documents/Java/WUDemos/Demo2/Backend)
2021-10-19 15:32:21,426 INFO com.nishant.demo1.Demo1Application [restartedMain] No active profile set, falling back to default profiles: default
2021-10-19 15:32:21,730 INFO com.nishant.demo1.Demo1Application [restartedMain] Started Demo1Application in 0.317 seconds (JVM running for 86299.539)
2021-10-19 15:34:06,262 INFO com.nishant.demo1.controllers.MainController [http-nio-8080-exec-2] Login Page Accessed
2021-10-19 15:34:10,431 INFO com.nishant.demo1.SecurityConfiguration.MyConfig [http-nio-8080-exec-4] The user nishant25 has logged in successfully
2021-10-19 15:34:10,453 INFO com.nishant.demo1.controllers.ProfileController [http-nio-8080-exec-6] Homepage accessed by user : nishant25
2021-10-19 15:34:16,345 INFO com.nishant.demo1.controllers.ProfileController [http-nio-8080-exec-8] Update Form Accessed by user : nishant25
2021-10-19 15:34:17,667 INFO com.nishant.demo1.controllers.ProfileController [http-nio-8080-exec-10] Homepage accessed by user : nishant25
2021-10-19 15:34:19,344 INFO com.nishant.demo1.controllers.ProfileController [http-nio-8080-exec-2] Add Form accessed by user : nishant25
2021-10-19 15:34:20,364 INFO com.nishant.demo1.controllers.ProfileController [http-nio-8080-exec-4] Homepage accessed by user : nishant25
2021-10-19 15:34:22,299 INFO com.nishant.demo1.SecurityConfiguration.MyConfig [http-nio-8080-exec-6] The user nishant25 has logged out successfully
2021-10-19 15:34:22,321 INFO com.nishant.demo1.controllers.MainController [http-nio-8080-exec-7] Login Page Accessed
2021-10-19 15:34:26,257 INFO com.nishant.demo1.SecurityConfiguration.MyConfig [http-nio-8080-exec-9] The user rahul has logged in successfully
2021-10-19 15:34:26,275 INFO com.nishant.demo1.controllers.ProfileController [http-nio-8080-exec-1] Homepage accessed by user : rahul
2021-10-19 15:34:27,298 INFO com.nishant.demo1.controllers.ProfileController [http-nio-8080-exec-3] Homepage accessed by user : rahul
2021-10-19 15:34:34,204 INFO com.nishant.demo1.controllers.ProfileController [http-nio-8080-exec-5] Homepage accessed by user : rahul
2021-10-19 15:34:34,249 INFO com.nishant.demo1.controllers.ProfileController [http-nio-8080-exec-6] Homepage accessed by user : rahul
2021-10-19 15:34:36,909 INFO com.nishant.demo1.controllers.ProfileController [http-nio-8080-exec-7] Homepage accessed by user : rahul
2021-10-19 15:34:36,954 INFO com.nishant.demo1.controllers.ProfileController [http-nio-8080-exec-8] Homepage accessed by user : rahul
2021-10-19 15:34:39,685 INFO com.nishant.demo1.SecurityConfiguration.MyConfig [http-nio-8080-exec-9] The user rahul has logged out successfully
2021-10-19 15:34:39,700 INFO com.nishant.demo1.controllers.MainController [http-nio-8080-exec-10] Login Page Accessed
2021-10-19 15:34:42,729 INFO com.nishant.demo1.SecurityConfiguration.MyConfig [http-nio-8080-exec-2] The user rohit has logged in successfully
2021-10-19 15:34:42,741 INFO com.nishant.demo1.controllers.ProfileController [http-nio-8080-exec-4] Homepage accessed by user : rohit
2021-10-19 15:34:45,085 INFO com.nishant.demo1.controllers.ProfileController [http-nio-8080-exec-6] Homepage accessed by user : rohit
2021-10-19 15:34:51,568 INFO com.nishant.demo1.controllers.ProfileController [http-nio-8080-exec-8] Update Form Accessed by user : rohit
2021-10-19 15:35:01,756 INFO com.nishant.demo1.controllers.ProfileController [http-nio-8080-exec-10] Homepage accessed by user : rohit
2021-10-19 15:35:03,940 INFO com.nishant.demo1.controllers.ProfileController [http-nio-8080-exec-2] Homepage accessed by user : rohit
2021-10-19 15:35:03,978 INFO com.nishant.demo1.controllers.ProfileController [http-nio-8080-exec-3] Homepage accessed by user : rohit
2021-10-19 15:35:11,154 INFO com.nishant.demo1.SecurityConfiguration.MyConfig [http-nio-8080-exec-5] The user rohit has logged out successfully
2021-10-19 15:35:11,160 INFO com.nishant.demo1.controllers.MainController [http-nio-8080-exec-6] Login Page Accessed
2021-10-19 15:35:15,244 INFO com.nishant.demo1.SecurityConfiguration.MyConfig [http-nio-8080-exec-8] The user ramesh has logged in successfully
2021-10-19 15:35:15,255 INFO com.nishant.demo1.controllers.ProfileController [http-nio-8080-exec-10] Homepage accessed by user : ramesh
2021-10-19 15:35:17,740 INFO com.nishant.demo1.controllers.ProfileController [http-nio-8080-exec-2] Homepage accessed by user : ramesh
2021-10-19 15:35:19,637 INFO com.nishant.demo1.controllers.ProfileController [http-nio-8080-exec-4] Homepage accessed by user : ramesh
2021-10-19 15:35:19,675 INFO com.nishant.demo1.controllers.ProfileController [http-nio-8080-exec-5] Homepage accessed by user : ramesh
2021-10-19 15:35:22,427 INFO com.nishant.demo1.controllers.ProfileController [http-nio-8080-exec-6] Homepage accessed by user : ramesh
2021-10-19 15:35:22,467 INFO com.nishant.demo1.controllers.ProfileController [http-nio-8080-exec-7] Homepage accessed by user : ramesh
2021-10-19 15:35:30,120 INFO com.nishant.demo1.SecurityConfiguration.MyConfig [http-nio-8080-exec-8] The user ramesh has logged out successfully
2021-10-19 15:35:30,130 INFO com.nishant.demo1.controllers.MainController [http-nio-8080-exec-9] Login Page Accessed
2021-10-19 15:35:31,633 INFO com.nishant.demo1.controllers.MainController [http-nio-8080-exec-1] Registration Page Accessed
2021-10-20 13:25:16,029 INFO com.nishant.demo1.Demo1Application [restartedMain] Starting Demo1Application using Java 17 on akku with PID 537433 (/home/akku/Documents/Java/WUDemos/Demo2/Backend/target/classes started by akku in /home/akku/Documents/Java/WUDemos/Demo2/Backend)
2021-10-20 13:25:16,033 INFO com.nishant.demo1.Demo1Application [restartedMain] No active profile set, falling back to default profiles: default
2021-10-20 13:25:21,103 INFO com.nishant.demo1.Demo1Application [restartedMain] Started Demo1Application in 5.706 seconds (JVM running for 7.173)
2021-10-20 13:25:22,642 ERROR com.nishant.demo1.controllers.MainController [http-nio-8080-exec-1] Username entered already exists
2021-10-20 13:25:22,673 INFO com.nishant.demo1.controllers.MainController [http-nio-8080-exec-2] Registration Page Accessed
2021-10-20 13:25:41,799 ERROR com.nishant.demo1.controllers.MainController [http-nio-8080-exec-4] Username entered already exists
2021-10-20 13:25:41,810 INFO com.nishant.demo1.controllers.MainController [http-nio-8080-exec-5] Registration Page Accessed
2021-10-20 13:25:47,903 ERROR com.nishant.demo1.controllers.MainController [http-nio-8080-exec-7] Username entered already exists
2021-10-20 13:25:47,915 INFO com.nishant.demo1.controllers.MainController [http-nio-8080-exec-8] Registration Page Accessed
2021-10-20 13:26:07,594 INFO com.nishant.demo1.controllers.MainController [http-nio-8080-exec-10] Registration Successfull for user : ayu789
2021-10-20 13:26:07,603 INFO com.nishant.demo1.controllers.MainController [http-nio-8080-exec-1] Registration Page Accessed
2021-10-20 13:26:14,632 INFO com.nishant.demo1.controllers.MainController [http-nio-8080-exec-3] Login Page Accessed
2021-10-20 13:26:21,008 INFO com.nishant.demo1.SecurityConfiguration.MyConfig [http-nio-8080-exec-5] The user ayu789 has logged in successfully
2021-10-20 13:26:21,092 INFO com.nishant.demo1.controllers.ProfileController [http-nio-8080-exec-7] Homepage accessed by user : ayu789
2021-10-20 13:26:35,865 INFO com.nishant.demo1.controllers.ProfileController [http-nio-8080-exec-10] Homepage accessed by user : ayu789
2021-10-20 13:26:38,710 INFO com.nishant.demo1.controllers.ProfileController [http-nio-8080-exec-2] Homepage accessed by user : ayu789
2021-10-20 13:26:38,765 INFO com.nishant.demo1.controllers.ProfileController [http-nio-8080-exec-3] Homepage accessed by user : ayu789
2021-10-20 13:26:41,037 INFO com.nishant.demo1.controllers.ProfileController [http-nio-8080-exec-4] Homepage accessed by user : ayu789
2021-10-20 13:26:41,095 INFO com.nishant.demo1.controllers.ProfileController [http-nio-8080-exec-5] Homepage accessed by user : ayu789
2021-10-20 13:26:43,025 INFO com.nishant.demo1.SecurityConfiguration.MyConfig [http-nio-8080-exec-6] The user ayu789 has logged out successfully
2021-10-20 13:26:43,032 INFO com.nishant.demo1.controllers.MainController [http-nio-8080-exec-7] Login Page Accessed
2021-10-20 13:26:46,074 INFO com.nishant.demo1.SecurityConfiguration.MyConfig [http-nio-8080-exec-9] The user nishant25 has logged in successfully
2021-10-20 13:26:46,098 INFO com.nishant.demo1.controllers.ProfileController [http-nio-8080-exec-1] Homepage accessed by user : nishant25
2021-10-20 13:26:47,311 INFO com.nishant.demo1.controllers.ProfileController [http-nio-8080-exec-3] Add Form accessed by user : nishant25
2021-10-20 13:26:50,321 INFO com.nishant.demo1.SecurityConfiguration.MyConfig [http-nio-8080-exec-5] The user nishant25 has logged out successfully
2021-10-20 13:26:50,331 INFO com.nishant.demo1.controllers.MainController [http-nio-8080-exec-6] Login Page Accessed
2021-10-20 20:20:12,671 INFO com.nishant.demo1.Demo1Application [restartedMain] Starting Demo1Application using Java 17 on akku with PID 4638 (/home/akku/Documents/Java/WUDemos/Demo2/Backend/target/classes started by akku in /home/akku/Documents/Java/WUDemos/Demo2/Backend)
2021-10-20 20:20:12,677 INFO com.nishant.demo1.Demo1Application [restartedMain] No active profile set, falling back to default profiles: default
2021-10-20 20:24:53,422 INFO com.nishant.demo1.Demo1Application [restartedMain] Starting Demo1Application using Java 17 on akku with PID 5534 (/home/akku/Documents/Java/WUDemos/Demo2/Backend/target/classes started by akku in /home/akku/Documents/Java/WUDemos/Demo2/Backend)
2021-10-20 20:24:53,429 INFO com.nishant.demo1.Demo1Application [restartedMain] No active profile set, falling back to default profiles: default
2021-10-20 20:24:58,816 INFO com.nishant.demo1.Demo1Application [restartedMain] Started Demo1Application in 6.055 seconds (JVM running for 7.072)
2021-10-20 20:24:59,513 INFO com.nishant.demo1.controllers.MainController [http-nio-8080-exec-3] Login Page Accessed
2021-10-20 20:25:03,395 INFO com.nishant.demo1.SecurityConfiguration.MyConfig [http-nio-8080-exec-6] The user nishant25 has logged in successfully
2021-10-20 20:25:03,433 INFO com.nishant.demo1.controllers.ProfileController [http-nio-8080-exec-8] Homepage accessed by user : nishant25
2021-10-20 20:25:06,775 INFO com.nishant.demo1.controllers.ProfileController [http-nio-8080-exec-10] Profile ID : 37 deleted by user : nishant25
2021-10-20 20:25:06,790 INFO com.nishant.demo1.controllers.ProfileController [http-nio-8080-exec-1] Homepage accessed by user : nishant25
2021-10-20 20:25:08,140 INFO com.nishant.demo1.controllers.ProfileController [http-nio-8080-exec-3] Homepage accessed by user : nishant25
2021-10-20 20:25:08,366 INFO com.nishant.demo1.controllers.ProfileController [http-nio-8080-exec-5] Homepage accessed by user : nishant25
2021-10-20 20:25:16,879 INFO com.nishant.demo1.controllers.ProfileController [http-nio-8080-exec-7] Add Form accessed by user : nishant25
2021-10-20 20:25:18,285 INFO com.nishant.demo1.controllers.ProfileController [http-nio-8080-exec-9] Homepage accessed by user : nishant25
2021-10-20 20:25:19,998 INFO com.nishant.demo1.controllers.ProfileController [http-nio-8080-exec-1] Update Form Accessed by user : nishant25
2021-10-20 20:25:23,999 INFO com.nishant.demo1.controllers.ProfileController [http-nio-8080-exec-3] Profile ID:36 updated by user : nishant25
2021-10-20 20:25:24,012 INFO com.nishant.demo1.controllers.ProfileController [http-nio-8080-exec-4] Homepage accessed by user : nishant25
2021-10-20 20:25:49,764 INFO com.nishant.demo1.controllers.ProfileController [http-nio-8080-exec-6] Update Form Accessed by user : nishant25
2021-10-20 20:25:51,244 INFO com.nishant.demo1.controllers.ProfileController [http-nio-8080-exec-8] Homepage accessed by user : nishant25
2021-10-20 20:26:01,520 INFO com.nishant.demo1.controllers.ProfileController [http-nio-8080-exec-1] Add Form accessed by user : nishant25
2021-10-20 20:26:24,390 INFO com.nishant.demo1.controllers.ProfileController [http-nio-8080-exec-3] Profile Added by user : nishant25
2021-10-20 20:26:24,406 INFO com.nishant.demo1.controllers.ProfileController [http-nio-8080-exec-4] Homepage accessed by user : nishant25
2021-10-20 20:26:29,093 INFO com.nishant.demo1.controllers.ProfileController [http-nio-8080-exec-6] Homepage accessed by user : nishant25
2021-10-20 20:26:29,726 INFO com.nishant.demo1.controllers.ProfileController [http-nio-8080-exec-8] Homepage accessed by user : nishant25
2021-10-20 20:26:29,940 INFO com.nishant.demo1.controllers.ProfileController [http-nio-8080-exec-10] Homepage accessed by user : nishant25
2021-10-20 20:26:30,959 INFO com.nishant.demo1.controllers.ProfileController [http-nio-8080-exec-2] Add Form accessed by user : nishant25
2021-10-20 20:27:03,531 INFO com.nishant.demo1.controllers.ProfileController [http-nio-8080-exec-5] Profile Added by user : nishant25
2021-10-20 20:27:03,545 INFO com.nishant.demo1.controllers.ProfileController [http-nio-8080-exec-6] Homepage accessed by user : nishant25
2021-10-20 20:27:07,873 INFO com.nishant.demo1.controllers.ProfileController [http-nio-8080-exec-8] Homepage accessed by user : nishant25
2021-10-20 20:27:08,377 INFO com.nishant.demo1.controllers.ProfileController [http-nio-8080-exec-10] Homepage accessed by user : nishant25
2021-10-20 20:27:08,571 INFO com.nishant.demo1.controllers.ProfileController [http-nio-8080-exec-2] Homepage accessed by user : nishant25
2021-10-20 20:27:09,371 INFO com.nishant.demo1.controllers.ProfileController [http-nio-8080-exec-4] Add Form accessed by user : nishant25
2021-10-20 20:27:39,835 INFO com.nishant.demo1.controllers.ProfileController [http-nio-8080-exec-6] Profile Added by user : nishant25
2021-10-20 20:27:39,847 INFO com.nishant.demo1.controllers.ProfileController [http-nio-8080-exec-7] Homepage accessed by user : nishant25
2021-10-20 20:27:52,568 INFO com.nishant.demo1.controllers.ProfileController [http-nio-8080-exec-9] Homepage accessed by user : nishant25
2021-10-20 20:27:52,863 INFO com.nishant.demo1.controllers.ProfileController [http-nio-8080-exec-1] Homepage accessed by user : nishant25
2021-10-20 20:27:53,206 INFO com.nishant.demo1.controllers.ProfileController [http-nio-8080-exec-3] Homepage accessed by user : nishant25
2021-10-20 20:27:53,373 INFO com.nishant.demo1.controllers.ProfileController [http-nio-8080-exec-5] Homepage accessed by user : nishant25
2021-10-20 20:29:24,063 INFO com.nishant.demo1.Demo1Application [restartedMain] Starting Demo1Application using Java 17 on akku with PID 5534 (/home/akku/Documents/Java/WUDemos/Demo2/Backend/target/classes started by akku in /home/akku/Documents/Java/WUDemos/Demo2/Backend)
2021-10-20 20:29:24,064 INFO com.nishant.demo1.Demo1Application [restartedMain] No active profile set, falling back to default profiles: default
2021-10-20 20:29:25,209 INFO com.nishant.demo1.Demo1Application [restartedMain] Started Demo1Application in 1.195 seconds (JVM running for 273.465)
2021-10-20 20:29:30,355 INFO com.nishant.demo1.controllers.MainController [http-nio-8080-exec-2] Login Page Accessed
2021-10-20 20:29:31,121 INFO com.nishant.demo1.controllers.MainController [http-nio-8080-exec-4] Login Page Accessed
2021-10-20 20:29:31,290 INFO com.nishant.demo1.controllers.MainController [http-nio-8080-exec-6] Login Page Accessed
2021-10-20 20:29:41,170 INFO com.nishant.demo1.SecurityConfiguration.MyConfig [http-nio-8080-exec-8] The user nishant25 has logged in successfully
2021-10-20 20:29:41,193 INFO com.nishant.demo1.controllers.ProfileController [http-nio-8080-exec-10] Homepage accessed by user : nishant25
2021-10-20 20:29:42,312 INFO com.nishant.demo1.controllers.ProfileController [http-nio-8080-exec-2] Add Form accessed by user : nishant25
2021-10-20 20:29:54,182 INFO com.nishant.demo1.controllers.ProfileController [http-nio-8080-exec-4] Profile Added by user : nishant25
2021-10-20 20:29:54,194 INFO com.nishant.demo1.controllers.ProfileController [http-nio-8080-exec-5] Homepage accessed by user : nishant25
2021-10-20 20:30:54,853 INFO com.nishant.demo1.controllers.ProfileController [http-nio-8080-exec-9] Homepage accessed by user : nishant25
2021-10-20 20:30:55,869 INFO com.nishant.demo1.controllers.ProfileController [http-nio-8080-exec-1] Homepage accessed by user : nishant25
2021-10-20 20:30:56,054 INFO com.nishant.demo1.controllers.ProfileController [http-nio-8080-exec-3] Homepage accessed by user : nishant25
2021-10-20 20:30:56,273 INFO com.nishant.demo1.controllers.ProfileController [http-nio-8080-exec-5] Homepage accessed by user : nishant25
2021-10-20 20:30:56,471 INFO com.nishant.demo1.controllers.ProfileController [http-nio-8080-exec-7] Homepage accessed by user : nishant25
2021-10-20 20:30:56,694 INFO com.nishant.demo1.controllers.ProfileController [http-nio-8080-exec-9] Homepage accessed by user : nishant25
2021-10-20 20:30:57,027 INFO com.nishant.demo1.controllers.ProfileController [http-nio-8080-exec-1] Homepage accessed by user : nishant25
2021-10-20 20:30:57,466 INFO com.nishant.demo1.controllers.ProfileController [http-nio-8080-exec-3] Homepage accessed by user : nishant25
2021-10-20 20:30:59,630 INFO com.nishant.demo1.controllers.ProfileController [http-nio-8080-exec-5] Add Form accessed by user : nishant25
2021-10-20 20:31:07,913 INFO com.nishant.demo1.controllers.ProfileController [http-nio-8080-exec-7] Profile Added by user : nishant25
2021-10-20 20:31:07,929 INFO com.nishant.demo1.controllers.ProfileController [http-nio-8080-exec-8] Homepage accessed by user : nishant25
2021-10-20 20:31:25,863 INFO com.nishant.demo1.controllers.ProfileController [http-nio-8080-exec-10] Homepage accessed by user : nishant25
2021-10-20 20:33:54,968 INFO com.nishant.demo1.controllers.ProfileController [http-nio-8080-exec-4] Add Form accessed by user : nishant25
2021-10-20 20:33:58,735 INFO com.nishant.demo1.controllers.ProfileController [http-nio-8080-exec-6] Homepage accessed by user : nishant25
2021-10-20 20:34:00,440 INFO com.nishant.demo1.controllers.ProfileController [http-nio-8080-exec-8] Add Form accessed by user : nishant25
2021-10-20 20:34:02,603 INFO com.nishant.demo1.controllers.ProfileController [http-nio-8080-exec-10] Homepage accessed by user : nishant25
2021-10-20 20:34:04,134 INFO com.nishant.demo1.controllers.ProfileController [http-nio-8080-exec-2] Update Form Accessed by user : nishant25
2021-10-20 20:34:12,276 INFO com.nishant.demo1.controllers.ProfileController [http-nio-8080-exec-4] Profile ID:36 updated by user : nishant25
2021-10-20 20:34:12,290 INFO com.nishant.demo1.controllers.ProfileController [http-nio-8080-exec-5] Homepage accessed by user : nishant25
2021-10-20 20:34:14,583 INFO com.nishant.demo1.controllers.ProfileController [http-nio-8080-exec-7] Profile ID : 36 deleted by user : nishant25
2021-10-20 20:34:14,599 INFO com.nishant.demo1.controllers.ProfileController [http-nio-8080-exec-8] Homepage accessed by user : nishant25
2021-10-20 20:34:22,808 INFO com.nishant.demo1.controllers.ProfileController [http-nio-8080-exec-10] Update Form Accessed by user : nishant25
2021-10-20 20:34:25,812 INFO com.nishant.demo1.controllers.ProfileController [http-nio-8080-exec-2] Profile ID:38 updated by user : nishant25
2021-10-20 20:34:25,826 INFO com.nishant.demo1.controllers.ProfileController [http-nio-8080-exec-3] Homepage accessed by user : nishant25
2021-10-20 20:34:27,211 INFO com.nishant.demo1.controllers.ProfileController [http-nio-8080-exec-5] Update Form Accessed by user : nishant25
2021-10-20 20:34:29,540 INFO com.nishant.demo1.controllers.ProfileController [http-nio-8080-exec-7] Profile ID:38 updated by user : nishant25
2021-10-20 20:34:29,553 INFO com.nishant.demo1.controllers.ProfileController [http-nio-8080-exec-8] Homepage accessed by user : nishant25
2021-10-20 20:34:42,317 INFO com.nishant.demo1.SecurityConfiguration.MyConfig [http-nio-8080-exec-10] The user nishant25 has logged out successfully
2021-10-20 20:34:42,328 INFO com.nishant.demo1.controllers.MainController [http-nio-8080-exec-1] Login Page Accessed
2021-10-20 20:34:45,638 INFO com.nishant.demo1.SecurityConfiguration.MyConfig [http-nio-8080-exec-3] The user rahul has logged in successfully
2021-10-20 20:34:45,654 INFO com.nishant.demo1.controllers.ProfileController [http-nio-8080-exec-5] Homepage accessed by user : rahul
2021-10-20 20:34:46,655 INFO com.nishant.demo1.controllers.ProfileController [http-nio-8080-exec-7] Homepage accessed by user : rahul
2021-10-20 20:34:50,850 INFO com.nishant.demo1.controllers.ProfileController [http-nio-8080-exec-9] Homepage accessed by user : rahul
2021-10-20 20:34:50,903 INFO com.nishant.demo1.controllers.ProfileController [http-nio-8080-exec-10] Homepage accessed by user : rahul
2021-10-20 20:34:56,649 INFO com.nishant.demo1.controllers.ProfileController [http-nio-8080-exec-2] Homepage accessed by user : rahul
2021-10-20 20:34:56,696 INFO com.nishant.demo1.controllers.ProfileController [http-nio-8080-exec-3] Homepage accessed by user : rahul
2021-10-20 20:35:01,866 INFO com.nishant.demo1.SecurityConfiguration.MyConfig [http-nio-8080-exec-4] The user rahul has logged out successfully
2021-10-20 20:35:01,878 INFO com.nishant.demo1.controllers.MainController [http-nio-8080-exec-5] Login Page Accessed
2021-10-20 20:35:05,524 INFO com.nishant.demo1.SecurityConfiguration.MyConfig [http-nio-8080-exec-7] The user rohit has logged in successfully
2021-10-20 20:35:05,539 INFO com.nishant.demo1.controllers.ProfileController [http-nio-8080-exec-9] Homepage accessed by user : rohit
2021-10-20 20:35:07,003 INFO com.nishant.demo1.controllers.ProfileController [http-nio-8080-exec-1] Homepage accessed by user : rohit
2021-10-20 20:35:08,474 INFO com.nishant.demo1.controllers.ProfileController [http-nio-8080-exec-3] Update Form Accessed by user : rohit
2021-10-20 20:35:12,727 INFO com.nishant.demo1.controllers.ProfileController [http-nio-8080-exec-5] Profile ID:38 updated by user : rohit
2021-10-20 20:35:12,742 INFO com.nishant.demo1.controllers.ProfileController [http-nio-8080-exec-6] Homepage accessed by user : rohit
2021-10-20 20:35:20,219 INFO com.nishant.demo1.controllers.ProfileController [http-nio-8080-exec-8] Homepage accessed by user : rohit
2021-10-20 20:35:20,263 INFO com.nishant.demo1.controllers.ProfileController [http-nio-8080-exec-9] Homepage accessed by user : rohit
2021-10-20 20:35:21,901 INFO com.nishant.demo1.controllers.ProfileController [http-nio-8080-exec-10] Homepage accessed by user : rohit
2021-10-20 20:35:41,567 INFO com.nishant.demo1.SecurityConfiguration.MyConfig [http-nio-8080-exec-2] The user rohit has logged out successfully
2021-10-20 20:35:41,575 INFO com.nishant.demo1.controllers.MainController [http-nio-8080-exec-3] Login Page Accessed
2021-10-20 20:35:43,069 INFO com.nishant.demo1.controllers.MainController [http-nio-8080-exec-5] Registration Page Accessed
2021-10-20 20:35:47,927 INFO com.nishant.demo1.controllers.MainController [http-nio-8080-exec-7] Login Page Accessed
2021-10-20 20:35:54,251 INFO com.nishant.demo1.SecurityConfiguration.MyConfig [http-nio-8080-exec-9] The user ayu789 has logged in successfully
2021-10-20 20:35:54,267 INFO com.nishant.demo1.controllers.ProfileController [http-nio-8080-exec-1] Homepage accessed by user : ayu789
2021-10-20 20:35:58,926 INFO com.nishant.demo1.SecurityConfiguration.MyConfig [http-nio-8080-exec-4] The user ayu789 has logged out successfully
2021-10-20 20:35:58,943 INFO com.nishant.demo1.controllers.MainController [http-nio-8080-exec-5] Login Page Accessed
2021-10-20 20:36:02,398 INFO com.nishant.demo1.controllers.MainController [http-nio-8080-exec-7] Registration Page Accessed
2021-10-20 20:36:10,432 ERROR com.nishant.demo1.controllers.MainController [http-nio-8080-exec-9] Username entered already exists
2021-10-20 20:36:10,441 INFO com.nishant.demo1.controllers.MainController [http-nio-8080-exec-10] Registration Page Accessed
2021-10-20 20:36:16,588 INFO com.nishant.demo1.controllers.MainController [http-nio-8080-exec-2] Login Page Accessed
2021-10-20 20:41:07,593 INFO com.nishant.demo1.Demo1Application [restartedMain] Starting Demo1Application using Java 17 on akku with PID 5534 (/home/akku/Documents/Java/WUDemos/Demo2/Backend/target/classes started by akku in /home/akku/Documents/Java/WUDemos/Demo2/Backend)
2021-10-20 20:41:07,594 INFO com.nishant.demo1.Demo1Application [restartedMain] No active profile set, falling back to default profiles: default
2021-10-20 20:41:08,395 INFO com.nishant.demo1.Demo1Application [restartedMain] Started Demo1Application in 0.835 seconds (JVM running for 976.651)
2021-10-20 21:22:14,853 INFO com.nishant.demo1.SecurityConfiguration.MyConfig [http-nio-8080-exec-6] The user nishant25 has logged in successfully
2021-10-20 21:22:14,876 INFO com.nishant.demo1.controllers.ProfileController [http-nio-8080-exec-8] Homepage accessed by user : nishant25
2021-10-20 21:22:17,803 INFO com.nishant.demo1.controllers.ProfileController [http-nio-8080-exec-10] Profile ID : 41 deleted by user : nishant25
2021-10-20 21:22:17,822 INFO com.nishant.demo1.controllers.ProfileController [http-nio-8080-exec-1] Homepage accessed by user : nishant25
2021-10-20 21:22:19,525 INFO com.nishant.demo1.controllers.ProfileController [http-nio-8080-exec-3] Profile ID : 40 deleted by user : nishant25
2021-10-20 21:22:19,538 INFO com.nishant.demo1.controllers.ProfileController [http-nio-8080-exec-4] Homepage accessed by user : nishant25
2021-10-20 21:25:24,100 INFO com.nishant.demo1.controllers.ProfileController [http-nio-8080-exec-8] Homepage accessed by user : nishant25
2021-10-20 21:25:30,135 INFO com.nishant.demo1.controllers.ProfileController [http-nio-8080-exec-10] Homepage accessed by user : nishant25
2021-10-20 21:25:30,745 INFO com.nishant.demo1.controllers.ProfileController [http-nio-8080-exec-2] Homepage accessed by user : nishant25
2021-10-20 21:25:30,967 INFO com.nishant.demo1.controllers.ProfileController [http-nio-8080-exec-4] Homepage accessed by user : nishant25
2021-10-20 21:25:31,179 INFO com.nishant.demo1.controllers.ProfileController [http-nio-8080-exec-6] Homepage accessed by user : nishant25
2021-10-20 21:25:31,386 INFO com.nishant.demo1.controllers.ProfileController [http-nio-8080-exec-8] Homepage accessed by user : nishant25
2021-10-20 21:25:35,966 INFO com.nishant.demo1.SecurityConfiguration.MyConfig [http-nio-8080-exec-10] The user nishant25 has logged out successfully
2021-10-20 21:25:35,975 INFO com.nishant.demo1.controllers.MainController [http-nio-8080-exec-1] Login Page Accessed
2021-10-20 21:25:37,850 INFO com.nishant.demo1.controllers.MainController [http-nio-8080-exec-4] Login Page Accessed
2021-10-20 21:25:38,804 INFO com.nishant.demo1.controllers.MainController [http-nio-8080-exec-7] Login Page Accessed
2021-10-20 21:25:39,724 INFO com.nishant.demo1.controllers.MainController [http-nio-8080-exec-9] Login Page Accessed
2021-10-20 21:25:40,454 INFO com.nishant.demo1.controllers.MainController [http-nio-8080-exec-1] Login Page Accessed
2021-10-21 14:29:52,104 INFO com.nishant.demo1.controllers.MainController [http-nio-8080-exec-5] Login Page Accessed
2021-10-21 14:29:52,699 INFO com.nishant.demo1.controllers.MainController [http-nio-8080-exec-7] Login Page Accessed
2021-10-21 14:29:52,880 INFO com.nishant.demo1.controllers.MainController [http-nio-8080-exec-9] Login Page Accessed
2021-10-21 14:29:55,981 INFO com.nishant.demo1.SecurityConfiguration.MyConfig [http-nio-8080-exec-1] The user nishant25 has logged in successfully
2021-10-21 14:29:56,002 INFO com.nishant.demo1.controllers.ProfileController [http-nio-8080-exec-3] Homepage accessed by user : nishant25
2021-10-21 14:29:59,889 INFO com.nishant.demo1.controllers.ProfileController [http-nio-8080-exec-5] Add Form accessed by user : nishant25
2021-10-21 14:30:01,078 INFO com.nishant.demo1.controllers.ProfileController [http-nio-8080-exec-7] Homepage accessed by user : nishant25
2021-10-21 14:35:02,102 INFO com.nishant.demo1.SecurityConfiguration.MyConfig [http-nio-8080-exec-1] The user nishant25 has logged out successfully
2021-10-21 14:35:02,108 INFO com.nishant.demo1.controllers.MainController [http-nio-8080-exec-2] Login Page Accessed
2021-10-21 14:36:37,479 INFO com.nishant.demo1.controllers.MainController [http-nio-8080-exec-7] Login Page Accessed
2021-10-21 16:09:39,916 ERROR com.nishant.demo1.services.MyUserDetailsService [http-nio-8080-exec-1] user not found
2021-10-21 16:09:39,990 INFO com.nishant.demo1.controllers.MainController [http-nio-8080-exec-2] Login Page Accessed
2021-10-28 16:09:38,852 INFO com.nishant.demo1.controllers.MainController [http-nio-8080-exec-6] Login Page Accessed
2021-10-28 16:09:41,679 INFO com.nishant.demo1.controllers.MainController [http-nio-8080-exec-8] Registration Page Accessed
2021-10-30 13:00:44,343 INFO com.nishant.demo1.Demo1Application [restartedMain] Starting Demo1Application using Java 17 on akku with PID 2289 (/home/akku/Documents/Java/WUDemos/Demo2/Backend/target/classes started by akku in /home/akku/Documents/Java/WUDemos/Demo2/Backend)
2021-10-30 13:00:44,347 INFO com.nishant.demo1.Demo1Application [restartedMain] No active profile set, falling back to default profiles: default
2021-10-30 15:50:52,121 INFO com.nishant.demo1.Demo1Application [restartedMain] Starting Demo1Application using Java 17 on akku with PID 2724 (/home/akku/Documents/Java/WUDemos/Demo2/Backend/target/classes started by akku in /home/akku/Documents/Java/WUDemos/Demo2/Backend)
2021-10-30 15:50:52,128 INFO com.nishant.demo1.Demo1Application [restartedMain] No active profile set, falling back to default profiles: default
2021-10-30 15:50:57,325 INFO com.nishant.demo1.Demo1Application [restartedMain] Started Demo1Application in 5.665 seconds (JVM running for 6.79)
2021-10-30 15:51:25,871 INFO com.nishant.demo1.controllers.MainController [http-nio-8080-exec-3] Login Page Accessed
2021-10-30 15:51:30,323 INFO com.nishant.demo1.SecurityConfiguration.MyConfig [http-nio-8080-exec-6] The user nishant25 has logged in successfully
2021-10-30 15:51:30,376 INFO com.nishant.demo1.controllers.ProfileController [http-nio-8080-exec-8] Homepage accessed by user : nishant25
2021-10-30 15:51:33,680 INFO com.nishant.demo1.controllers.ProfileController [http-nio-8080-exec-10] Update Form Accessed by user : nishant25
2021-10-30 15:51:35,251 INFO com.nishant.demo1.controllers.ProfileController [http-nio-8080-exec-2] Homepage accessed by user : nishant25
2021-10-30 15:51:37,284 INFO com.nishant.demo1.controllers.ProfileController [http-nio-8080-exec-4] Profile ID : 38 deleted by user : nishant25
2021-10-30 15:51:37,300 INFO com.nishant.demo1.controllers.ProfileController [http-nio-8080-exec-5] Homepage accessed by user : nishant25
2021-10-30 15:51:39,287 INFO com.nishant.demo1.SecurityConfiguration.MyConfig [http-nio-8080-exec-7] The user nishant25 has logged out successfully
2021-10-30 15:51:39,295 INFO com.nishant.demo1.controllers.MainController [http-nio-8080-exec-8] Login Page Accessed
2021-10-30 15:51:42,797 INFO com.nishant.demo1.SecurityConfiguration.MyConfig [http-nio-8080-exec-10] The user rahul has logged in successfully
2021-10-30 15:51:42,819 INFO com.nishant.demo1.controllers.ProfileController [http-nio-8080-exec-2] Homepage accessed by user : rahul
2021-10-30 15:51:44,241 INFO com.nishant.demo1.controllers.ProfileController [http-nio-8080-exec-4] Homepage accessed by user : rahul
2021-10-30 15:51:44,297 INFO com.nishant.demo1.controllers.ProfileController [http-nio-8080-exec-5] Homepage accessed by user : rahul
2021-10-30 15:51:49,864 INFO com.nishant.demo1.controllers.ProfileController [http-nio-8080-exec-6] Homepage accessed by user : rahul
2021-10-30 15:51:49,908 INFO com.nishant.demo1.controllers.ProfileController [http-nio-8080-exec-7] Homepage accessed by user : rahul
2021-10-30 15:51:51,823 INFO com.nishant.demo1.controllers.ProfileController [http-nio-8080-exec-8] Homepage accessed by user : rahul
2021-10-30 15:51:55,410 INFO com.nishant.demo1.SecurityConfiguration.MyConfig [http-nio-8080-exec-10] The user rahul has logged out successfully
2021-10-30 15:51:55,418 INFO com.nishant.demo1.controllers.MainController [http-nio-8080-exec-1] Login Page Accessed
2021-10-30 15:51:58,884 INFO com.nishant.demo1.SecurityConfiguration.MyConfig [http-nio-8080-exec-3] The user rohit has logged in successfully
2021-10-30 15:51:58,903 INFO com.nishant.demo1.controllers.ProfileController [http-nio-8080-exec-5] Homepage accessed by user : rohit
2021-10-30 15:52:01,349 INFO com.nishant.demo1.controllers.ProfileController [http-nio-8080-exec-7] Homepage accessed by user : rohit
2021-10-30 15:52:02,471 INFO com.nishant.demo1.controllers.ProfileController [http-nio-8080-exec-9] Update Form Accessed by user : rohit
2021-10-30 15:52:03,620 INFO com.nishant.demo1.controllers.ProfileController [http-nio-8080-exec-1] Homepage accessed by user : rohit
2021-10-30 15:52:05,351 INFO com.nishant.demo1.controllers.ProfileController [http-nio-8080-exec-3] Homepage accessed by user : rohit
2021-10-30 15:52:05,389 INFO com.nishant.demo1.controllers.ProfileController [http-nio-8080-exec-4] Homepage accessed by user : rohit
2021-10-30 15:52:07,405 INFO com.nishant.demo1.SecurityConfiguration.MyConfig [http-nio-8080-exec-5] The user rohit has logged out successfully
2021-10-30 15:52:07,417 INFO com.nishant.demo1.controllers.MainController [http-nio-8080-exec-6] Login Page Accessed
